<?xml version="1.0" encoding="UTF-8"?>
<!-- Generated by org.testng.reporters.JUnitXMLReporter -->
<testsuite ignored="0" hostname="PriyaMohan" failures="0" tests="3" name="Test" time="37.946" errors="0" timestamp="2023-11-28T12:56:11 IST">
  <testcase classname="testngExecutionPackage.JavaTest" name="java_method" time="12.432"/>
  <testcase classname="testngExecutionPackage.SqlTest" name="sql_method" time="14.006"/>
  <testcase classname="testngExecutionPackage.Selenium_method" name="sql_method" time="11.39"/>
</testsuite> <!-- Test -->
